Updating Dashboard for frappe
Updating Dashboard for erpnext
Traceback (most recent call last):
  File "apps/frappe/frappe/app.py", line 55, in application
    init_request(request)
  File "apps/frappe/frappe/app.py", line 123, in init_request
    frappe.init(site=site, sites_path=_sites_path, force=True)
  File "apps/frappe/frappe/__init__.py", line 248, in init
    setup_module_map()
  File "apps/frappe/frappe/__init__.py", line 1538, in setup_module_map
    for module in get_module_list(app):
  File "apps/frappe/frappe/__init__.py", line 1378, in get_module_list
    return get_file_items(os.path.join(os.path.dirname(get_module(app_name).__file__), "modules.txt"))
  File "apps/frappe/frappe/__init__.py", line 1327, in get_module
    return importlib.import_module(modulename)
  File "/usr/lib/python3.10/importlib/__init__.py", line 126, in import_module
    return _bootstrap._gcd_import(name[level:], package, level)
  File "<frozen importlib._bootstrap>", line 1050, in _gcd_import
  File "<frozen importlib._bootstrap>", line 1027, in _find_and_load
  File "<frozen importlib._bootstrap>", line 1004, in _find_and_load_unlocked
ModuleNotFoundError: No module named 'gym_management'

Traceback (most recent call last):
  File "apps/frappe/frappe/app.py", line 55, in application
    init_request(request)
  File "apps/frappe/frappe/app.py", line 123, in init_request
    frappe.init(site=site, sites_path=_sites_path, force=True)
  File "apps/frappe/frappe/__init__.py", line 248, in init
    setup_module_map()
  File "apps/frappe/frappe/__init__.py", line 1538, in setup_module_map
    for module in get_module_list(app):
  File "apps/frappe/frappe/__init__.py", line 1378, in get_module_list
    return get_file_items(os.path.join(os.path.dirname(get_module(app_name).__file__), "modules.txt"))
  File "apps/frappe/frappe/__init__.py", line 1327, in get_module
    return importlib.import_module(modulename)
  File "/usr/lib/python3.10/importlib/__init__.py", line 126, in import_module
    return _bootstrap._gcd_import(name[level:], package, level)
  File "<frozen importlib._bootstrap>", line 1050, in _gcd_import
  File "<frozen importlib._bootstrap>", line 1027, in _find_and_load
  File "<frozen importlib._bootstrap>", line 1004, in _find_and_load_unlocked
ModuleNotFoundError: No module named 'gym_management'

Traceback (most recent call last):
  File "apps/frappe/frappe/app.py", line 55, in application
    init_request(request)
  File "apps/frappe/frappe/app.py", line 123, in init_request
    frappe.init(site=site, sites_path=_sites_path, force=True)
  File "apps/frappe/frappe/__init__.py", line 248, in init
    setup_module_map()
  File "apps/frappe/frappe/__init__.py", line 1538, in setup_module_map
    for module in get_module_list(app):
  File "apps/frappe/frappe/__init__.py", line 1378, in get_module_list
    return get_file_items(os.path.join(os.path.dirname(get_module(app_name).__file__), "modules.txt"))
  File "apps/frappe/frappe/__init__.py", line 1327, in get_module
    return importlib.import_module(modulename)
  File "/usr/lib/python3.10/importlib/__init__.py", line 126, in import_module
    return _bootstrap._gcd_import(name[level:], package, level)
  File "<frozen importlib._bootstrap>", line 1050, in _gcd_import
  File "<frozen importlib._bootstrap>", line 1027, in _find_and_load
  File "<frozen importlib._bootstrap>", line 1004, in _find_and_load_unlocked
ModuleNotFoundError: No module named 'gym_management'

